16:12:22.151 [main] INFO  - Goto my account-->Click on Login.. 
16:13:16.544 [main] INFO  - Goto my account-->Click on Login.. 
16:13:17.020 [main] INFO  - Entering email and password.. 
16:13:17.190 [main] INFO  - clicked on login button...
16:13:29.709 [main] INFO  - Goto my account-->Click on Login.. 
16:13:30.032 [main] INFO  - Entering email and password.. 
16:13:30.196 [main] INFO  - clicked on login button...
16:13:42.748 [main] INFO  - Goto my account-->Click on Login.. 
16:13:43.110 [main] INFO  - Entering email and password.. 
16:13:43.282 [main] INFO  - clicked on login button...
16:15:21.290 [main] INFO  - Goto my account-->Click on Login.. 
16:15:21.691 [main] INFO  - Entering email and password.. 
16:15:21.856 [main] INFO  - clicked on login button...
16:15:34.521 [main] INFO  - Goto my account-->Click on Login.. 
16:15:34.900 [main] INFO  - Entering email and password.. 
16:15:35.059 [main] INFO  - clicked on login button...
16:15:47.601 [main] INFO  - Goto my account-->Click on Login.. 
16:15:47.923 [main] INFO  - Entering email and password.. 
16:15:48.109 [main] INFO  - clicked on login button...
16:17:09.330 [main] INFO  - Goto my account-->Click on Login.. 
16:17:09.727 [main] INFO  - Entering email and password.. 
16:17:09.881 [main] INFO  - clicked on login button...
16:17:12.707 [main] INFO  - Goto my account-->Click on Login.. 
16:17:13.076 [main] INFO  - Entering email and password.. 
16:17:13.238 [main] INFO  - clicked on login button...
16:17:25.787 [main] INFO  - Goto my account-->Click on Login.. 
16:17:26.187 [main] INFO  - Entering email and password.. 
16:17:26.362 [main] INFO  - clicked on login button...
16:35:22.339 [main] INFO  - Goto my account-->Click on Login.. 
16:35:22.770 [main] INFO  - Entering email and password.. 
16:35:22.961 [main] INFO  - clicked on login button...
16:51:12.286 [main] INFO  - Goto my account-->Click on Login.. 
16:51:12.722 [main] INFO  - Entering email and password.. 
16:51:12.893 [main] INFO  - clicked on login button...
10:46:00.268 [main] INFO  - Goto my account-->Click on Login.. 
10:46:11.891 [main] INFO  - Goto my account-->Click on Login.. 
10:46:38.126 [main] INFO  - Goto my account-->Click on Login.. 
10:46:38.736 [main] INFO  - Entering email and password.. 
10:46:38.933 [main] INFO  - clicked on login button...
10:46:41.878 [main] INFO  - Goto my account-->Click on Login.. 
10:46:42.273 [main] INFO  - Entering email and password.. 
10:46:42.478 [main] INFO  - clicked on login button...
11:16:44.106 [main] INFO  - Goto my account-->Click on Login.. 
11:16:44.897 [main] DEBUG - Parsing relationship: /xl/_rels/workbook.xml.rels
11:16:44.899 [main] DEBUG - Parsing relationship: /xl/worksheets/_rels/sheet1.xml.rels
11:16:44.902 [main] DEBUG - Parsing relationship: /_rels/.rels
11:16:45.116 [main] TRACE - Loading type system org.apache.poi.schemas.ooxml.system.ooxml
11:16:45.121 [main] TRACE - Loading type system org.apache.xmlbeans.metadata.system.sXMLCONFIG
11:16:45.122 [main] TRACE - Loading type system org.apache.xmlbeans.metadata.system.sXMLLANG
11:16:45.122 [main] TRACE - Loading type system org.apache.xmlbeans.metadata.system.sXMLSCHEMA
11:16:45.122 [main] TRACE - Loading type system org.apache.xmlbeans.metadata.system.sXMLTOOLS
11:16:45.123 [main] TRACE - Reading unresolved handles for type system org.apache.xmlbeans.metadata.system.sXMLTOOLS
11:16:45.138 [main] TRACE - Finished loading type system org.apache.xmlbeans.metadata.system.sXMLTOOLS
11:16:45.139 [main] TRACE - Reading unresolved handles for type system org.apache.xmlbeans.metadata.system.sXMLSCHEMA
11:16:45.142 [main] TRACE - Finished loading type system org.apache.xmlbeans.metadata.system.sXMLSCHEMA
11:16:45.143 [main] TRACE - Reading unresolved handles for type system org.apache.xmlbeans.metadata.system.sXMLLANG
11:16:45.143 [main] TRACE - Finished loading type system org.apache.xmlbeans.metadata.system.sXMLLANG
11:16:45.144 [main] TRACE - Reading unresolved handles for type system org.apache.xmlbeans.metadata.system.sXMLCONFIG
11:16:45.145 [main] TRACE - Finished loading type system org.apache.xmlbeans.metadata.system.sXMLCONFIG
11:16:45.145 [main] TRACE - Reading unresolved handles for type system org.apache.poi.schemas.ooxml.system.ooxml
11:16:45.188 [main] TRACE - Finished loading type system org.apache.poi.schemas.ooxml.system.ooxml
11:16:45.188 [main] TRACE - Resolving type for handle themefd26doctype
11:16:45.260 [main] TRACE - Resolving type for handle stylesheet5d8bdoctype
11:16:45.265 [main] TRACE - Resolving type for handle ctstylesheet4257type
11:16:45.271 [main] TRACE - Resolving type for handle ctfonts6623type
11:16:45.277 [main] TRACE - Resolving type for handle ctfont14d8type
11:16:45.286 [main] TRACE - Resolving type for handle ctfills2c6ftype
11:16:45.289 [main] TRACE - Resolving type for handle ctfill550ctype
11:16:45.292 [main] TRACE - Resolving type for handle ctborders0d66type
11:16:45.298 [main] TRACE - Resolving type for handle ctborderf935type
11:16:45.302 [main] TRACE - Resolving type for handle ctcellxfs1322type
11:16:45.306 [main] TRACE - Resolving type for handle ctxf97f7type
11:16:45.309 [main] TRACE - Resolving type for handle ctcellstylexfsa81ftype
11:16:45.312 [main] TRACE - Resolving type for handle ctdxfsb26atype
11:16:45.315 [main] TRACE - Resolving type for handle cttablestyles872ftype
11:16:45.319 [main] TRACE - Resolving type for handle sstf81fdoctype
11:16:45.323 [main] TRACE - Resolving type for handle ctsst44f3type
11:16:45.337 [main] TRACE - Resolving type for handle ctrsta472type
11:16:45.364 [main] DEBUG - using default POIXMLDocumentPart for http://schemas.openxmlformats.org/officeDocument/2006/relationships/printerSettings
11:16:45.366 [main] TRACE - Resolving type for handle workbookec17doctype
11:16:45.369 [main] TRACE - Resolving type for handle ctworkbook83c3type
11:16:45.379 [main] TRACE - Resolving type for handle ctsheets49fdtype
11:16:45.382 [main] TRACE - Resolving type for handle ctsheet4dbetype
11:16:45.388 [main] TRACE - Resolving type for handle strelationshipid1e94type
11:16:45.393 [main] TRACE - Resolving type for handle worksheetf539doctype
11:16:45.402 [main] TRACE - Resolving type for handle ctworksheet530dtype
11:16:45.408 [main] TRACE - Resolving type for handle ctsheetdata8408type
11:16:45.411 [main] TRACE - Resolving type for handle ctrowdd39type
11:16:45.415 [main] TRACE - Resolving type for handle ctcell842btype
11:16:45.428 [main] TRACE - Resolving type for handle stcellrefe4e0type
11:16:45.441 [main] TRACE - Resolving type for handle ctcols627ctype
11:16:45.445 [main] TRACE - Resolving type for handle ctcola95ftype
11:16:45.459 [main] TRACE - Resolving type for handle cthyperlinks6416type
11:16:45.460 [main] TRACE - Resolving type for handle cthyperlink0c85type
11:16:45.470 [main] TRACE - Resolving type for handle stxstringf179type
11:16:45.472 [main] TRACE - Resolving type for handle stcelltypebf95type
11:16:48.275 [main] INFO  - Goto my account-->Click on Login.. 
11:16:48.648 [main] DEBUG - Parsing relationship: /xl/_rels/workbook.xml.rels
11:16:48.653 [main] DEBUG - Parsing relationship: /xl/worksheets/_rels/sheet1.xml.rels
11:16:48.654 [main] DEBUG - Parsing relationship: /_rels/.rels
11:16:48.673 [main] DEBUG - using default POIXMLDocumentPart for http://schemas.openxmlformats.org/officeDocument/2006/relationships/printerSettings
11:17:01.303 [main] INFO  - Goto my account-->Click on Login.. 
11:17:01.701 [main] DEBUG - Parsing relationship: /xl/_rels/workbook.xml.rels
11:17:01.702 [main] DEBUG - Parsing relationship: /xl/worksheets/_rels/sheet1.xml.rels
11:17:01.704 [main] DEBUG - Parsing relationship: /_rels/.rels
11:17:01.717 [main] DEBUG - using default POIXMLDocumentPart for http://schemas.openxmlformats.org/officeDocument/2006/relationships/printerSettings
11:21:03.527 [main] INFO  - Goto my account-->Click on Login.. 
11:21:04.042 [main] DEBUG - Parsing relationship: /xl/_rels/workbook.xml.rels
11:21:04.045 [main] DEBUG - Parsing relationship: /xl/worksheets/_rels/sheet1.xml.rels
11:21:04.047 [main] DEBUG - Parsing relationship: /_rels/.rels
11:21:04.162 [main] TRACE - Loading type system org.apache.poi.schemas.ooxml.system.ooxml
11:21:04.165 [main] TRACE - Loading type system org.apache.xmlbeans.metadata.system.sXMLCONFIG
11:21:04.165 [main] TRACE - Loading type system org.apache.xmlbeans.metadata.system.sXMLLANG
11:21:04.166 [main] TRACE - Loading type system org.apache.xmlbeans.metadata.system.sXMLSCHEMA
11:21:04.168 [main] TRACE - Loading type system org.apache.xmlbeans.metadata.system.sXMLTOOLS
11:21:04.169 [main] TRACE - Reading unresolved handles for type system org.apache.xmlbeans.metadata.system.sXMLTOOLS
11:21:04.177 [main] TRACE - Finished loading type system org.apache.xmlbeans.metadata.system.sXMLTOOLS
11:21:04.177 [main] TRACE - Reading unresolved handles for type system org.apache.xmlbeans.metadata.system.sXMLSCHEMA
11:21:04.184 [main] TRACE - Finished loading type system org.apache.xmlbeans.metadata.system.sXMLSCHEMA
11:21:04.184 [main] TRACE - Reading unresolved handles for type system org.apache.xmlbeans.metadata.system.sXMLLANG
11:21:04.185 [main] TRACE - Finished loading type system org.apache.xmlbeans.metadata.system.sXMLLANG
11:21:04.186 [main] TRACE - Reading unresolved handles for type system org.apache.xmlbeans.metadata.system.sXMLCONFIG
11:21:04.186 [main] TRACE - Finished loading type system org.apache.xmlbeans.metadata.system.sXMLCONFIG
11:21:04.186 [main] TRACE - Reading unresolved handles for type system org.apache.poi.schemas.ooxml.system.ooxml
11:21:04.225 [main] TRACE - Finished loading type system org.apache.poi.schemas.ooxml.system.ooxml
11:21:04.225 [main] TRACE - Resolving type for handle themefd26doctype
11:21:04.264 [main] TRACE - Resolving type for handle stylesheet5d8bdoctype
11:21:04.269 [main] TRACE - Resolving type for handle ctstylesheet4257type
11:21:04.272 [main] TRACE - Resolving type for handle ctfonts6623type
11:21:04.274 [main] TRACE - Resolving type for handle ctfont14d8type
11:21:04.276 [main] TRACE - Resolving type for handle ctfills2c6ftype
11:21:04.277 [main] TRACE - Resolving type for handle ctfill550ctype
11:21:04.278 [main] TRACE - Resolving type for handle ctborders0d66type
11:21:04.279 [main] TRACE - Resolving type for handle ctborderf935type
11:21:04.280 [main] TRACE - Resolving type for handle ctcellxfs1322type
11:21:04.283 [main] TRACE - Resolving type for handle ctxf97f7type
11:21:04.285 [main] TRACE - Resolving type for handle ctcellstylexfsa81ftype
11:21:04.286 [main] TRACE - Resolving type for handle ctdxfsb26atype
11:21:04.287 [main] TRACE - Resolving type for handle cttablestyles872ftype
11:21:04.289 [main] TRACE - Resolving type for handle sstf81fdoctype
11:21:04.291 [main] TRACE - Resolving type for handle ctsst44f3type
11:21:04.295 [main] TRACE - Resolving type for handle ctrsta472type
11:21:04.306 [main] DEBUG - using default POIXMLDocumentPart for http://schemas.openxmlformats.org/officeDocument/2006/relationships/printerSettings
11:21:04.307 [main] TRACE - Resolving type for handle workbookec17doctype
11:21:04.309 [main] TRACE - Resolving type for handle ctworkbook83c3type
11:21:04.311 [main] TRACE - Resolving type for handle ctsheets49fdtype
11:21:04.312 [main] TRACE - Resolving type for handle ctsheet4dbetype
11:21:04.313 [main] TRACE - Resolving type for handle strelationshipid1e94type
11:21:04.314 [main] TRACE - Resolving type for handle worksheetf539doctype
11:21:04.318 [main] TRACE - Resolving type for handle ctworksheet530dtype
11:21:04.321 [main] TRACE - Resolving type for handle ctsheetdata8408type
11:21:04.322 [main] TRACE - Resolving type for handle ctrowdd39type
11:21:04.324 [main] TRACE - Resolving type for handle ctcell842btype
11:21:04.328 [main] TRACE - Resolving type for handle stcellrefe4e0type
11:21:04.333 [main] TRACE - Resolving type for handle ctcols627ctype
11:21:04.336 [main] TRACE - Resolving type for handle ctcola95ftype
11:21:04.349 [main] TRACE - Resolving type for handle cthyperlinks6416type
11:21:04.351 [main] TRACE - Resolving type for handle cthyperlink0c85type
11:21:04.356 [main] TRACE - Resolving type for handle stxstringf179type
11:21:04.358 [main] TRACE - Resolving type for handle stcelltypebf95type
11:21:07.193 [main] INFO  - Goto my account-->Click on Login.. 
11:21:07.595 [main] DEBUG - Parsing relationship: /xl/_rels/workbook.xml.rels
11:21:07.596 [main] DEBUG - Parsing relationship: /xl/worksheets/_rels/sheet1.xml.rels
11:21:07.597 [main] DEBUG - Parsing relationship: /_rels/.rels
11:21:07.619 [main] DEBUG - using default POIXMLDocumentPart for http://schemas.openxmlformats.org/officeDocument/2006/relationships/printerSettings
11:21:20.224 [main] INFO  - Goto my account-->Click on Login.. 
11:21:20.624 [main] DEBUG - Parsing relationship: /xl/_rels/workbook.xml.rels
11:21:20.625 [main] DEBUG - Parsing relationship: /xl/worksheets/_rels/sheet1.xml.rels
11:21:20.626 [main] DEBUG - Parsing relationship: /_rels/.rels
11:21:20.638 [main] DEBUG - using default POIXMLDocumentPart for http://schemas.openxmlformats.org/officeDocument/2006/relationships/printerSettings
11:44:14.336 [main] INFO  - Goto my account-->Click on Login.. 
11:44:14.969 [main] DEBUG - Parsing relationship: /xl/_rels/workbook.xml.rels
11:44:14.971 [main] DEBUG - Parsing relationship: /xl/worksheets/_rels/sheet1.xml.rels
11:44:14.972 [main] DEBUG - Parsing relationship: /_rels/.rels
11:44:15.162 [main] TRACE - Loading type system org.apache.poi.schemas.ooxml.system.ooxml
11:44:15.166 [main] TRACE - Loading type system org.apache.xmlbeans.metadata.system.sXMLCONFIG
11:44:15.167 [main] TRACE - Loading type system org.apache.xmlbeans.metadata.system.sXMLLANG
11:44:15.167 [main] TRACE - Loading type system org.apache.xmlbeans.metadata.system.sXMLSCHEMA
11:44:15.167 [main] TRACE - Loading type system org.apache.xmlbeans.metadata.system.sXMLTOOLS
11:44:15.169 [main] TRACE - Reading unresolved handles for type system org.apache.xmlbeans.metadata.system.sXMLTOOLS
11:44:15.182 [main] TRACE - Finished loading type system org.apache.xmlbeans.metadata.system.sXMLTOOLS
11:44:15.183 [main] TRACE - Reading unresolved handles for type system org.apache.xmlbeans.metadata.system.sXMLSCHEMA
11:44:15.187 [main] TRACE - Finished loading type system org.apache.xmlbeans.metadata.system.sXMLSCHEMA
11:44:15.188 [main] TRACE - Reading unresolved handles for type system org.apache.xmlbeans.metadata.system.sXMLLANG
11:44:15.188 [main] TRACE - Finished loading type system org.apache.xmlbeans.metadata.system.sXMLLANG
11:44:15.189 [main] TRACE - Reading unresolved handles for type system org.apache.xmlbeans.metadata.system.sXMLCONFIG
11:44:15.189 [main] TRACE - Finished loading type system org.apache.xmlbeans.metadata.system.sXMLCONFIG
11:44:15.190 [main] TRACE - Reading unresolved handles for type system org.apache.poi.schemas.ooxml.system.ooxml
11:44:15.240 [main] TRACE - Finished loading type system org.apache.poi.schemas.ooxml.system.ooxml
11:44:15.241 [main] TRACE - Resolving type for handle themefd26doctype
11:44:15.307 [main] TRACE - Resolving type for handle stylesheet5d8bdoctype
11:44:15.313 [main] TRACE - Resolving type for handle ctstylesheet4257type
11:44:15.320 [main] TRACE - Resolving type for handle ctfonts6623type
11:44:15.324 [main] TRACE - Resolving type for handle ctfont14d8type
11:44:15.333 [main] TRACE - Resolving type for handle ctfills2c6ftype
11:44:15.336 [main] TRACE - Resolving type for handle ctfill550ctype
11:44:15.338 [main] TRACE - Resolving type for handle ctborders0d66type
11:44:15.342 [main] TRACE - Resolving type for handle ctborderf935type
11:44:15.345 [main] TRACE - Resolving type for handle ctcellxfs1322type
11:44:15.351 [main] TRACE - Resolving type for handle ctxf97f7type
11:44:15.354 [main] TRACE - Resolving type for handle ctcellstylexfsa81ftype
11:44:15.357 [main] TRACE - Resolving type for handle ctdxfsb26atype
11:44:15.359 [main] TRACE - Resolving type for handle cttablestyles872ftype
11:44:15.363 [main] TRACE - Resolving type for handle sstf81fdoctype
11:44:15.368 [main] TRACE - Resolving type for handle ctsst44f3type
11:44:15.378 [main] TRACE - Resolving type for handle ctrsta472type
11:44:15.400 [main] DEBUG - using default POIXMLDocumentPart for http://schemas.openxmlformats.org/officeDocument/2006/relationships/printerSettings
11:44:15.402 [main] TRACE - Resolving type for handle workbookec17doctype
11:44:15.407 [main] TRACE - Resolving type for handle ctworkbook83c3type
11:44:15.412 [main] TRACE - Resolving type for handle ctsheets49fdtype
11:44:15.419 [main] TRACE - Resolving type for handle ctsheet4dbetype
11:44:15.422 [main] TRACE - Resolving type for handle strelationshipid1e94type
11:44:15.425 [main] TRACE - Resolving type for handle worksheetf539doctype
11:44:15.430 [main] TRACE - Resolving type for handle ctworksheet530dtype
11:44:15.437 [main] TRACE - Resolving type for handle ctsheetdata8408type
11:44:15.439 [main] TRACE - Resolving type for handle ctrowdd39type
11:44:15.443 [main] TRACE - Resolving type for handle ctcell842btype
11:44:15.450 [main] TRACE - Resolving type for handle stcellrefe4e0type
11:44:15.459 [main] TRACE - Resolving type for handle ctcols627ctype
11:44:15.462 [main] TRACE - Resolving type for handle ctcola95ftype
11:44:15.475 [main] TRACE - Resolving type for handle cthyperlinks6416type
11:44:15.477 [main] TRACE - Resolving type for handle cthyperlink0c85type
11:44:15.485 [main] TRACE - Resolving type for handle stxstringf179type
11:44:15.493 [main] TRACE - Resolving type for handle stcelltypebf95type
11:44:18.639 [main] INFO  - Goto my account-->Click on Login.. 
11:44:19.110 [main] DEBUG - Parsing relationship: /xl/_rels/workbook.xml.rels
11:44:19.112 [main] DEBUG - Parsing relationship: /xl/worksheets/_rels/sheet1.xml.rels
11:44:19.115 [main] DEBUG - Parsing relationship: /_rels/.rels
11:44:19.133 [main] DEBUG - using default POIXMLDocumentPart for http://schemas.openxmlformats.org/officeDocument/2006/relationships/printerSettings
11:44:32.465 [main] INFO  - Goto my account-->Click on Login.. 
11:44:32.859 [main] DEBUG - Parsing relationship: /xl/_rels/workbook.xml.rels
11:44:32.859 [main] DEBUG - Parsing relationship: /xl/worksheets/_rels/sheet1.xml.rels
11:44:32.861 [main] DEBUG - Parsing relationship: /_rels/.rels
11:44:32.876 [main] DEBUG - using default POIXMLDocumentPart for http://schemas.openxmlformats.org/officeDocument/2006/relationships/printerSettings
11:45:40.671 [main] INFO  - Goto my account-->Click on Login.. 
11:45:41.213 [main] DEBUG - Parsing relationship: /xl/_rels/workbook.xml.rels
11:45:41.215 [main] DEBUG - Parsing relationship: /xl/worksheets/_rels/sheet1.xml.rels
11:45:41.217 [main] DEBUG - Parsing relationship: /_rels/.rels
11:45:41.395 [main] TRACE - Loading type system org.apache.poi.schemas.ooxml.system.ooxml
11:45:41.398 [main] TRACE - Loading type system org.apache.xmlbeans.metadata.system.sXMLCONFIG
11:45:41.399 [main] TRACE - Loading type system org.apache.xmlbeans.metadata.system.sXMLLANG
11:45:41.399 [main] TRACE - Loading type system org.apache.xmlbeans.metadata.system.sXMLSCHEMA
11:45:41.401 [main] TRACE - Loading type system org.apache.xmlbeans.metadata.system.sXMLTOOLS
11:45:41.403 [main] TRACE - Reading unresolved handles for type system org.apache.xmlbeans.metadata.system.sXMLTOOLS
11:45:41.416 [main] TRACE - Finished loading type system org.apache.xmlbeans.metadata.system.sXMLTOOLS
11:45:41.418 [main] TRACE - Reading unresolved handles for type system org.apache.xmlbeans.metadata.system.sXMLSCHEMA
11:45:41.424 [main] TRACE - Finished loading type system org.apache.xmlbeans.metadata.system.sXMLSCHEMA
11:45:41.426 [main] TRACE - Reading unresolved handles for type system org.apache.xmlbeans.metadata.system.sXMLLANG
11:45:41.427 [main] TRACE - Finished loading type system org.apache.xmlbeans.metadata.system.sXMLLANG
11:45:41.428 [main] TRACE - Reading unresolved handles for type system org.apache.xmlbeans.metadata.system.sXMLCONFIG
11:45:41.430 [main] TRACE - Finished loading type system org.apache.xmlbeans.metadata.system.sXMLCONFIG
11:45:41.430 [main] TRACE - Reading unresolved handles for type system org.apache.poi.schemas.ooxml.system.ooxml
11:45:41.499 [main] TRACE - Finished loading type system org.apache.poi.schemas.ooxml.system.ooxml
11:45:41.500 [main] TRACE - Resolving type for handle themefd26doctype
11:45:41.575 [main] TRACE - Resolving type for handle stylesheet5d8bdoctype
11:45:41.579 [main] TRACE - Resolving type for handle ctstylesheet4257type
11:45:41.582 [main] TRACE - Resolving type for handle ctfonts6623type
11:45:41.587 [main] TRACE - Resolving type for handle ctfont14d8type
11:45:41.593 [main] TRACE - Resolving type for handle ctfills2c6ftype
11:45:41.596 [main] TRACE - Resolving type for handle ctfill550ctype
11:45:41.598 [main] TRACE - Resolving type for handle ctborders0d66type
11:45:41.601 [main] TRACE - Resolving type for handle ctborderf935type
11:45:41.606 [main] TRACE - Resolving type for handle ctcellxfs1322type
11:45:41.610 [main] TRACE - Resolving type for handle ctxf97f7type
11:45:41.612 [main] TRACE - Resolving type for handle ctcellstylexfsa81ftype
11:45:41.614 [main] TRACE - Resolving type for handle ctdxfsb26atype
11:45:41.617 [main] TRACE - Resolving type for handle cttablestyles872ftype
11:45:41.622 [main] TRACE - Resolving type for handle sstf81fdoctype
11:45:41.627 [main] TRACE - Resolving type for handle ctsst44f3type
11:45:41.639 [main] TRACE - Resolving type for handle ctrsta472type
11:45:41.663 [main] DEBUG - using default POIXMLDocumentPart for http://schemas.openxmlformats.org/officeDocument/2006/relationships/printerSettings
11:45:41.665 [main] TRACE - Resolving type for handle workbookec17doctype
11:45:41.672 [main] TRACE - Resolving type for handle ctworkbook83c3type
11:45:41.678 [main] TRACE - Resolving type for handle ctsheets49fdtype
11:45:41.680 [main] TRACE - Resolving type for handle ctsheet4dbetype
11:45:41.683 [main] TRACE - Resolving type for handle strelationshipid1e94type
11:45:41.685 [main] TRACE - Resolving type for handle worksheetf539doctype
11:45:41.693 [main] TRACE - Resolving type for handle ctworksheet530dtype
11:45:41.700 [main] TRACE - Resolving type for handle ctsheetdata8408type
11:45:41.704 [main] TRACE - Resolving type for handle ctrowdd39type
11:45:41.710 [main] TRACE - Resolving type for handle ctcell842btype
11:45:41.717 [main] TRACE - Resolving type for handle stcellrefe4e0type
11:45:41.727 [main] TRACE - Resolving type for handle ctcols627ctype
11:45:41.731 [main] TRACE - Resolving type for handle ctcola95ftype
11:45:41.749 [main] TRACE - Resolving type for handle cthyperlinks6416type
11:45:41.751 [main] TRACE - Resolving type for handle cthyperlink0c85type
11:45:41.761 [main] TRACE - Resolving type for handle stxstringf179type
11:45:41.763 [main] TRACE - Resolving type for handle stcelltypebf95type
11:45:43.861 [main] INFO  - Goto my account-->Click on Login.. 
11:45:44.281 [main] DEBUG - Parsing relationship: /xl/_rels/workbook.xml.rels
11:45:44.282 [main] DEBUG - Parsing relationship: /xl/worksheets/_rels/sheet1.xml.rels
11:45:44.283 [main] DEBUG - Parsing relationship: /_rels/.rels
11:45:44.300 [main] DEBUG - using default POIXMLDocumentPart for http://schemas.openxmlformats.org/officeDocument/2006/relationships/printerSettings
11:45:56.131 [main] INFO  - Goto my account-->Click on Login.. 
11:45:56.552 [main] DEBUG - Parsing relationship: /xl/_rels/workbook.xml.rels
11:45:56.553 [main] DEBUG - Parsing relationship: /xl/worksheets/_rels/sheet1.xml.rels
11:45:56.554 [main] DEBUG - Parsing relationship: /_rels/.rels
11:45:56.565 [main] DEBUG - using default POIXMLDocumentPart for http://schemas.openxmlformats.org/officeDocument/2006/relationships/printerSettings
13:00:12.142 [main] INFO  - Goto my account-->Click on Login.. 
13:00:12.836 [main] INFO  - Entering email and password.. 
13:00:13.081 [main] INFO  - clicked on login button...
13:00:56.566 [main] INFO  - Goto my account-->Click on Login.. 
13:00:57.053 [main] INFO  - Entering email and password.. 
13:00:57.315 [main] INFO  - clicked on login button...
16:37:59.855 [main] INFO  - Goto my account-->Click on Login.. 
16:38:00.327 [main] INFO  - Entering email and password.. 
16:38:00.609 [main] INFO  - clicked on login button...
16:38:02.509 [main] INFO  - Goto my account-->Click on Login.. 
16:38:02.914 [main] INFO  - Entering email and password.. 
16:38:03.123 [main] INFO  - clicked on login button...
17:16:35.827 [main] INFO  - Goto my account-->Click on Login.. 
17:16:36.423 [main] DEBUG - Parsing relationship: /xl/_rels/workbook.xml.rels
17:16:36.426 [main] DEBUG - Parsing relationship: /xl/worksheets/_rels/sheet1.xml.rels
17:16:36.431 [main] DEBUG - Parsing relationship: /_rels/.rels
17:16:36.618 [main] TRACE - Loading type system org.apache.poi.schemas.ooxml.system.ooxml
17:16:36.620 [main] TRACE - Loading type system org.apache.xmlbeans.metadata.system.sXMLCONFIG
17:16:36.620 [main] TRACE - Loading type system org.apache.xmlbeans.metadata.system.sXMLLANG
17:16:36.621 [main] TRACE - Loading type system org.apache.xmlbeans.metadata.system.sXMLSCHEMA
17:16:36.621 [main] TRACE - Loading type system org.apache.xmlbeans.metadata.system.sXMLTOOLS
17:16:36.622 [main] TRACE - Reading unresolved handles for type system org.apache.xmlbeans.metadata.system.sXMLTOOLS
17:16:36.632 [main] TRACE - Finished loading type system org.apache.xmlbeans.metadata.system.sXMLTOOLS
17:16:36.632 [main] TRACE - Reading unresolved handles for type system org.apache.xmlbeans.metadata.system.sXMLSCHEMA
17:16:36.636 [main] TRACE - Finished loading type system org.apache.xmlbeans.metadata.system.sXMLSCHEMA
17:16:36.637 [main] TRACE - Reading unresolved handles for type system org.apache.xmlbeans.metadata.system.sXMLLANG
17:16:36.638 [main] TRACE - Finished loading type system org.apache.xmlbeans.metadata.system.sXMLLANG
17:16:36.638 [main] TRACE - Reading unresolved handles for type system org.apache.xmlbeans.metadata.system.sXMLCONFIG
17:16:36.640 [main] TRACE - Finished loading type system org.apache.xmlbeans.metadata.system.sXMLCONFIG
17:16:36.640 [main] TRACE - Reading unresolved handles for type system org.apache.poi.schemas.ooxml.system.ooxml
17:16:36.673 [main] TRACE - Finished loading type system org.apache.poi.schemas.ooxml.system.ooxml
17:16:36.674 [main] TRACE - Resolving type for handle themefd26doctype
17:16:36.726 [main] TRACE - Resolving type for handle stylesheet5d8bdoctype
17:16:36.732 [main] TRACE - Resolving type for handle ctstylesheet4257type
17:16:36.738 [main] TRACE - Resolving type for handle ctfonts6623type
17:16:36.741 [main] TRACE - Resolving type for handle ctfont14d8type
17:16:36.745 [main] TRACE - Resolving type for handle ctfills2c6ftype
17:16:36.748 [main] TRACE - Resolving type for handle ctfill550ctype
17:16:36.749 [main] TRACE - Resolving type for handle ctborders0d66type
17:16:36.753 [main] TRACE - Resolving type for handle ctborderf935type
17:16:36.755 [main] TRACE - Resolving type for handle ctcellxfs1322type
17:16:36.757 [main] TRACE - Resolving type for handle ctxf97f7type
17:16:36.759 [main] TRACE - Resolving type for handle ctcellstylexfsa81ftype
17:16:36.762 [main] TRACE - Resolving type for handle ctdxfsb26atype
17:16:36.763 [main] TRACE - Resolving type for handle cttablestyles872ftype
17:16:36.766 [main] TRACE - Resolving type for handle sstf81fdoctype
17:16:36.770 [main] TRACE - Resolving type for handle ctsst44f3type
17:16:36.780 [main] TRACE - Resolving type for handle ctrsta472type
17:16:36.793 [main] DEBUG - using default POIXMLDocumentPart for http://schemas.openxmlformats.org/officeDocument/2006/relationships/printerSettings
17:16:36.795 [main] TRACE - Resolving type for handle workbookec17doctype
17:16:36.798 [main] TRACE - Resolving type for handle ctworkbook83c3type
17:16:36.802 [main] TRACE - Resolving type for handle ctsheets49fdtype
17:16:36.803 [main] TRACE - Resolving type for handle ctsheet4dbetype
17:16:36.805 [main] TRACE - Resolving type for handle strelationshipid1e94type
17:16:36.806 [main] TRACE - Resolving type for handle worksheetf539doctype
17:16:36.811 [main] TRACE - Resolving type for handle ctworksheet530dtype
17:16:36.816 [main] TRACE - Resolving type for handle ctsheetdata8408type
17:16:36.818 [main] TRACE - Resolving type for handle ctrowdd39type
17:16:36.821 [main] TRACE - Resolving type for handle ctcell842btype
17:16:36.826 [main] TRACE - Resolving type for handle stcellrefe4e0type
17:16:36.833 [main] TRACE - Resolving type for handle ctcols627ctype
17:16:36.836 [main] TRACE - Resolving type for handle ctcola95ftype
17:16:36.849 [main] TRACE - Resolving type for handle cthyperlinks6416type
17:16:36.851 [main] TRACE - Resolving type for handle cthyperlink0c85type
17:16:36.856 [main] TRACE - Resolving type for handle stxstringf179type
17:16:36.859 [main] TRACE - Resolving type for handle stcelltypebf95type
17:16:38.836 [main] INFO  - Goto my account-->Click on Login.. 
17:16:39.265 [main] DEBUG - Parsing relationship: /xl/_rels/workbook.xml.rels
17:16:39.265 [main] DEBUG - Parsing relationship: /xl/worksheets/_rels/sheet1.xml.rels
17:16:39.266 [main] DEBUG - Parsing relationship: /_rels/.rels
17:16:39.281 [main] DEBUG - using default POIXMLDocumentPart for http://schemas.openxmlformats.org/officeDocument/2006/relationships/printerSettings
17:16:51.918 [main] INFO  - Goto my account-->Click on Login.. 
17:16:52.328 [main] DEBUG - Parsing relationship: /xl/_rels/workbook.xml.rels
17:16:52.329 [main] DEBUG - Parsing relationship: /xl/worksheets/_rels/sheet1.xml.rels
17:16:52.331 [main] DEBUG - Parsing relationship: /_rels/.rels
17:16:52.347 [main] DEBUG - using default POIXMLDocumentPart for http://schemas.openxmlformats.org/officeDocument/2006/relationships/printerSettings
